2024-07-04  18:28:09 PREPARACION de Sentencia para Carga De DESPLEGABLES realizada con EXITO

2024-07-04  18:28:09 PREPARACION de Sentencia para Carga De DESPLEGABLES realizada con EXITO

2024-07-04  18:28:12 PREPARACION de Sentencia de FILTRO Y ORDENAMIENTO realizada con EXITO

2024-07-04  18:28:12 BINDING de Variables en FILTRO Y ORDENAMIENTO realizada con EXITO

2024-07-04  18:28:20 PREPARACION de Sentencia de FILTRO Y ORDENAMIENTO realizada con EXITO

2024-07-04  18:28:20 BINDING de Variables en FILTRO Y ORDENAMIENTO realizada con EXITO

2024-07-04  18:28:21 PREPARACION de Sentencia para Carga De DESPLEGABLES realizada con EXITO

2024-07-04  18:28:21 PREPARACION de consulta sql de para cargar FORMULARIO DE MODIFICACION realizada con EXITO

2024-07-04  18:28:21 BINDING de consulta sql de para cargar FORMULARIO DE MODIFICACION realizada con EXITO

2024-07-04  18:28:21 BINDING de consulta sql de para cargar FORMULARIO DE MODIFICACION realizada con EXITOBINDING de consulta sql de para cargar FORMULARIO DE MODIFICACION realizada con EXITO

2024-07-04  18:28:22 PREPARACION de Sentencia para LECTURA DE PDF realizada con EXITO

2024-07-04  18:28:22 BINDING de Sentencia para LECTURA DE PDF realizada con EXITO

2024-07-04  18:28:22 EJECUCION de Sentencia para LECTURA DE PDF realizada con EXITO

2024-07-04  18:36:16 PREPARACION de Sentencia para Carga De DESPLEGABLES realizada con EXITO

2024-07-04  18:36:16 PREPARACION de Sentencia para Carga De DESPLEGABLES realizada con EXITO

2024-07-04  18:40:21 PREPARACION de Sentencia para Carga De DESPLEGABLES realizada con EXITO

2024-07-04  18:40:21 PREPARACION de Sentencia para Carga De DESPLEGABLES realizada con EXITO

2024-07-04  18:40:26 PREPARACION de Sentencia de FILTRO Y ORDENAMIENTO realizada con EXITO

2024-07-04  18:40:26 BINDING de Variables en FILTRO Y ORDENAMIENTO realizada con EXITO

2024-07-04  19:05:58 PREPARACION de Sentencia para Carga De DESPLEGABLES realizada con EXITO

2024-07-04  19:05:58 PREPARACION de Sentencia para Carga De DESPLEGABLES realizada con EXITO

2024-07-04  19:06:31 PREPARACION de Sentencia para Carga De DESPLEGABLES realizada con EXITO

2024-07-04  19:06:31 PREPARACION de Sentencia para Carga De DESPLEGABLES realizada con EXITO

2024-07-04  19:06:37 PREPARACION de Sentencia de FILTRO Y ORDENAMIENTO realizada con EXITO

2024-07-04  19:06:37 BINDING de Variables en FILTRO Y ORDENAMIENTO realizada con EXITO

